Platanus version: 1.2.4
platanus assemble -o Poil -f paired_end1.fastq.trimmed paired_end2.fastq.trimmed 

K = 32, saving kmers from reads...
AVE_READ_LEN=97.5764

KMER_EXTENSION:
K=32, KMER_COVERAGE=159.912 (>= 29), COVERAGE_CUTOFF=29
K=42, KMER_COVERAGE=135.892, COVERAGE_CUTOFF=29, PROB_SPLIT=10e-inf
K=52, KMER_COVERAGE=111.873, COVERAGE_CUTOFF=29, PROB_SPLIT=10e-inf
K=62, KMER_COVERAGE=87.8538, COVERAGE_CUTOFF=29, PROB_SPLIT=10e-12.0084
K=72, KMER_COVERAGE=63.8345, COVERAGE_CUTOFF=18, PROB_SPLIT=10e-10.4154
K=82, KMER_COVERAGE=39.8153, COVERAGE_CUTOFF=6, PROB_SPLIT=10e-10.2725
K=86, KMER_COVERAGE=30.2076, COVERAGE_CUTOFF=2, PROB_SPLIT=10e-10.9258
K=87, KMER_COVERAGE=27.8057, COVERAGE_CUTOFF=2, PROB_SPLIT=10e-10.3153
loading kmers...
connecting kmers...
removing branches...
BRANCH_DELETE_THRESHOLD=0.5
NUM_CUT=78
NUM_CUT=0
TOTAL_NUM_CUT=78
mapping reads on de Bruijn Graph nodes...
TOTAL_MAPPED_READS=8642127
TOTAL_UNMAPPED_READS=943019
TOTAL_SHORT_READS(<32)=41871
NUM_DELETE_NODE(reads are unmapped)=53
NUM_CUT_NODE=15
extracting reads (containing kmer used in contig assemble)...
K = 42, loading kmers from contigs...
K = 42, saving additional kmers(not found in contigs) from reads...
COVERAGE_CUTOFF = 29
loading kmers...
connecting kmers...
removing branches...
BRANCH_DELETE_THRESHOLD=0.5
NUM_CUT=16
NUM_CUT=0
TOTAL_NUM_CUT=16
mapping reads on de Bruijn Graph nodes...
TOTAL_MAPPED_READS=8588376
TOTAL_UNMAPPED_READS=934754
TOTAL_SHORT_READS(<42)=103887
NUM_DELETE_NODE(reads are unmapped)=16
NUM_CUT_NODE=9
extracting reads (containing kmer used in contig assemble)...
K = 52, loading kmers from contigs...
K = 52, saving additional kmers(not found in contigs) from reads...
COVERAGE_CUTOFF = 29
loading kmers...
connecting kmers...
removing branches...
BRANCH_DELETE_THRESHOLD=0.5
NUM_CUT=12
NUM_CUT=0
TOTAL_NUM_CUT=12
mapping reads on de Bruijn Graph nodes...
Command terminated by signal 2
264.92user 15.42system 4:40.54elapsed 99%CPU (0avgtext+0avgdata 12742932maxresident)k
383752inputs+3333528outputs (0major+17222898minor)pagefaults 0swaps
